Figwheel: focusing on build-ids (app)
[0mCompiling "resources/public/js/app.js" from ["src/cljs" "env/dev/cljs"]...
[32mSuccessfully compiled "resources/public/js/app.js" in 0.193 seconds.[0m
notifying browser that file changed:  resources/public/js/out/goog/deps.js
notifying browser that file changed:  resources/public/js/out/cljs_deps.js
[0mCompiling "resources/public/js/app.js" from ["src/cljs" "env/dev/cljs"]...
[32mSuccessfully compiled "resources/public/js/app.js" in 0.662 seconds.[0m
notifying browser that file changed:  resources/public/js/out/cljs_deps.js
notifying browser that file changed:  /rfcdothelp/core.js
[0mCompiling "resources/public/js/app.js" from ["src/cljs" "env/dev/cljs"]...
[32mSuccessfully compiled "resources/public/js/app.js" in 0.12 seconds.[0m
notifying browser that file changed:  /rfcdothelp/core.js
[0mCompiling "resources/public/js/app.js" from ["src/cljs" "env/dev/cljs"]...
[31mCompiling "resources/public/js/app.js" failed.[0m
clojure.lang.ExceptionInfo: failed compiling file:src/cljs/rfcdothelp/core.cljs
 at clojure.core$ex_info.invoke (core.clj:4403)
    cljs.compiler$compile_file$fn__3088.invoke (compiler.clj:1140)
    cljs.compiler$compile_file.invoke (compiler.clj:1105)
    cljs.compiler$compile_root.invoke (compiler.clj:1175)
    cljs.closure$compile_dir.invoke (closure.clj:369)
    cljs.closure$eval3462$fn__3463.invoke (closure.clj:409)
    cljs.closure$eval3398$fn__3399$G__3389__3406.invoke (closure.clj:316)
    cljs.closure$eval3449$fn__3450.invoke (closure.clj:423)
    cljs.closure$eval3398$fn__3399$G__3389__3406.invoke (closure.clj:316)
    clojurescript_build.core.CompilableSourcePaths/fn (core.clj:18)
    clojure.core$map$fn__4245.invoke (core.clj:2557)
    clojure.lang.LazySeq.sval (LazySeq.java:40)
    clojure.lang.LazySeq.seq (LazySeq.java:49)
    clojure.lang.RT.seq (RT.java:484)
    clojure.core$seq.invoke (core.clj:133)
    clojure.core$apply.invoke (core.clj:624)
    clojure.core$mapcat.doInvoke (core.clj:2586)
    clojure.lang.RestFn.invoke (RestFn.java:423)
    clojurescript_build.core.CompilableSourcePaths._compile (core.clj:18)
    cljs.closure$build.invoke (closure.clj:1437)
    clojurescript_build.core$build_source_paths_STAR_.invoke (core.clj:150)
    figwheel_sidecar.auto_builder$default_build_options$fn__20640.invoke (auto_builder.clj:66)
    figwheel_sidecar.auto_builder$warning$fn__20637.invoke (auto_builder.clj:61)
    clojurescript_build.auto$time_build$fn__20450.invoke (auto.clj:55)
    clojurescript_build.auto$after$fn__20456.invoke (auto.clj:64)
    clojurescript_build.auto$after$fn__20456.invoke (auto.clj:64)
    clojurescript_build.auto$after$fn__20456.invoke (auto.clj:64)
    clojurescript_build.auto$error$fn__20459.invoke (auto.clj:71)
    clojurescript_build.auto$before$fn__20453.invoke (auto.clj:60)
    clojurescript_build.auto$make_conditional_builder$fn__20471.invoke (auto.clj:103)
[0mCompiling "resources/public/js/app.js" from ["src/cljs" "env/dev/cljs"]...
[32mSuccessfully compiled "resources/public/js/app.js" in 0.104 seconds.[0m
notifying browser that file changed:  /rfcdothelp/core.js
[0mCompiling "resources/public/js/app.js" from ["src/cljs" "env/dev/cljs"]...
[32mSuccessfully compiled "resources/public/js/app.js" in 0.097 seconds.[0m
notifying browser that file changed:  /rfcdothelp/core.js
[0mCompiling "resources/public/js/app.js" from ["src/cljs" "env/dev/cljs"]...
[32mSuccessfully compiled "resources/public/js/app.js" in 0.106 seconds.[0m
notifying browser that file changed:  /rfcdothelp/core.js
[0mCompiling "resources/public/js/app.js" from ["src/cljs" "env/dev/cljs"]...
[32mSuccessfully compiled "resources/public/js/app.js" in 0.095 seconds.[0m
notifying browser that file changed:  resources/public/js/out/cljs_deps.js
notifying browser that file changed:  /rfcdothelp/core.js
[0mCompiling "resources/public/js/app.js" from ["src/cljs" "env/dev/cljs"]...
[32mSuccessfully compiled "resources/public/js/app.js" in 0.089 seconds.[0m
notifying browser that file changed:  resources/public/js/out/cljs_deps.js
notifying browser that file changed:  /rfcdothelp/core.js
[0mCompiling "resources/public/js/app.js" from ["src/cljs" "env/dev/cljs"]...
[32mSuccessfully compiled "resources/public/js/app.js" in 0.101 seconds.[0m
notifying browser that file changed:  /rfcdothelp/core.js
[0mCompiling "resources/public/js/app.js" from ["src/cljs" "env/dev/cljs"]...
[32mSuccessfully compiled "resources/public/js/app.js" in 0.099 seconds.[0m
notifying browser that file changed:  resources/public/js/out/cljs_deps.js
notifying browser that file changed:  /rfcdothelp/core.js
[0mCompiling "resources/public/js/app.js" from ["src/cljs" "env/dev/cljs"]...
[32mSuccessfully compiled "resources/public/js/app.js" in 0.093 seconds.[0m
notifying browser that file changed:  resources/public/js/out/cljs_deps.js
notifying browser that file changed:  /rfcdothelp/core.js
[0mCompiling "resources/public/js/app.js" from ["src/cljs" "env/dev/cljs"]...
[32mSuccessfully compiled "resources/public/js/app.js" in 0.08 seconds.[0m
notifying browser that file changed:  resources/public/js/out/cljs_deps.js
notifying browser that file changed:  /rfcdothelp/core.js
[0mCompiling "resources/public/js/app.js" from ["src/cljs" "env/dev/cljs"]...
[32mSuccessfully compiled "resources/public/js/app.js" in 0.086 seconds.[0m
notifying browser that file changed:  resources/public/js/out/cljs_deps.js
notifying browser that file changed:  /rfcdothelp/core.js
[0mCompiling "resources/public/js/app.js" from ["src/cljs" "env/dev/cljs"]...
[32mSuccessfully compiled "resources/public/js/app.js" in 0.083 seconds.[0m
notifying browser that file changed:  /rfcdothelp/core.js
[0mCompiling "resources/public/js/app.js" from ["src/cljs" "env/dev/cljs"]...
[31mCompiling "resources/public/js/app.js" failed.[0m
clojure.lang.ExceptionInfo: failed compiling file:src/cljs/rfcdothelp/core.cljs
 at clojure.core$ex_info.invoke (core.clj:4403)
    cljs.compiler$compile_file$fn__3088.invoke (compiler.clj:1140)
    cljs.compiler$compile_file.invoke (compiler.clj:1105)
    cljs.compiler$compile_root.invoke (compiler.clj:1175)
    cljs.closure$compile_dir.invoke (closure.clj:369)
    cljs.closure$eval3462$fn__3463.invoke (closure.clj:409)
    cljs.closure$eval3398$fn__3399$G__3389__3406.invoke (closure.clj:316)
    cljs.closure$eval3449$fn__3450.invoke (closure.clj:423)
    cljs.closure$eval3398$fn__3399$G__3389__3406.invoke (closure.clj:316)
    clojurescript_build.core.CompilableSourcePaths/fn (core.clj:18)
    clojure.core$map$fn__4245.invoke (core.clj:2557)
    clojure.lang.LazySeq.sval (LazySeq.java:40)
    clojure.lang.LazySeq.seq (LazySeq.java:49)
    clojure.lang.RT.seq (RT.java:484)
    clojure.core$seq.invoke (core.clj:133)
    clojure.core$apply.invoke (core.clj:624)
    clojure.core$mapcat.doInvoke (core.clj:2586)
    clojure.lang.RestFn.invoke (RestFn.java:423)
    clojurescript_build.core.CompilableSourcePaths._compile (core.clj:18)
    cljs.closure$build.invoke (closure.clj:1437)
    clojurescript_build.core$build_source_paths_STAR_.invoke (core.clj:150)
    figwheel_sidecar.auto_builder$default_build_options$fn__20640.invoke (auto_builder.clj:66)
    figwheel_sidecar.auto_builder$warning$fn__20637.invoke (auto_builder.clj:61)
    clojurescript_build.auto$time_build$fn__20450.invoke (auto.clj:55)
    clojurescript_build.auto$after$fn__20456.invoke (auto.clj:64)
    clojurescript_build.auto$after$fn__20456.invoke (auto.clj:64)
    clojurescript_build.auto$after$fn__20456.invoke (auto.clj:64)
    clojurescript_build.auto$error$fn__20459.invoke (auto.clj:71)
    clojurescript_build.auto$before$fn__20453.invoke (auto.clj:60)
    clojurescript_build.auto$make_conditional_builder$fn__20471.invoke (auto.clj:103)
[0mCompiling "resources/public/js/app.js" from ["src/cljs" "env/dev/cljs"]...
[32mSuccessfully compiled "resources/public/js/app.js" in 0.086 seconds.[0m
notifying browser that file changed:  resources/public/js/out/cljs_deps.js
notifying browser that file changed:  /rfcdothelp/core.js
[0mCompiling "resources/public/js/app.js" from ["src/cljs" "env/dev/cljs"]...
WARNING: Use of undeclared Var rfcdothelp.core/rfc at line 24 src/cljs/rfcdothelp/core.cljs
[32mSuccessfully compiled "resources/public/js/app.js" in 0.116 seconds.[0m
notifying browser that file changed:  resources/public/js/out/cljs_deps.js
notifying browser that file changed:  /rfcdothelp/core.js
[0mCompiling "resources/public/js/app.js" from ["src/cljs" "env/dev/cljs"]...
[32mSuccessfully compiled "resources/public/js/app.js" in 0.081 seconds.[0m
notifying browser that file changed:  /rfcdothelp/core.js
[0mCompiling "resources/public/js/app.js" from ["src/cljs" "env/dev/cljs"]...
[31mCompiling "resources/public/js/app.js" failed.[0m
clojure.lang.ExceptionInfo: failed compiling file:src/cljs/rfcdothelp/core.cljs
 at clojure.core$ex_info.invoke (core.clj:4403)
    cljs.compiler$compile_file$fn__3088.invoke (compiler.clj:1140)
    cljs.compiler$compile_file.invoke (compiler.clj:1105)
    cljs.compiler$compile_root.invoke (compiler.clj:1175)
    cljs.closure$compile_dir.invoke (closure.clj:369)
    cljs.closure$eval3462$fn__3463.invoke (closure.clj:409)
    cljs.closure$eval3398$fn__3399$G__3389__3406.invoke (closure.clj:316)
    cljs.closure$eval3449$fn__3450.invoke (closure.clj:423)
    cljs.closure$eval3398$fn__3399$G__3389__3406.invoke (closure.clj:316)
    clojurescript_build.core.CompilableSourcePaths/fn (core.clj:18)
    clojure.core$map$fn__4245.invoke (core.clj:2557)
    clojure.lang.LazySeq.sval (LazySeq.java:40)
    clojure.lang.LazySeq.seq (LazySeq.java:49)
    clojure.lang.RT.seq (RT.java:484)
    clojure.core$seq.invoke (core.clj:133)
    clojure.core$apply.invoke (core.clj:624)
    clojure.core$mapcat.doInvoke (core.clj:2586)
    clojure.lang.RestFn.invoke (RestFn.java:423)
    clojurescript_build.core.CompilableSourcePaths._compile (core.clj:18)
    cljs.closure$build.invoke (closure.clj:1437)
    clojurescript_build.core$build_source_paths_STAR_.invoke (core.clj:150)
    figwheel_sidecar.auto_builder$default_build_options$fn__20640.invoke (auto_builder.clj:66)
    figwheel_sidecar.auto_builder$warning$fn__20637.invoke (auto_builder.clj:61)
    clojurescript_build.auto$time_build$fn__20450.invoke (auto.clj:55)
    clojurescript_build.auto$after$fn__20456.invoke (auto.clj:64)
    clojurescript_build.auto$after$fn__20456.invoke (auto.clj:64)
    clojurescript_build.auto$after$fn__20456.invoke (auto.clj:64)
    clojurescript_build.auto$error$fn__20459.invoke (auto.clj:71)
    clojurescript_build.auto$before$fn__20453.invoke (auto.clj:60)
    clojurescript_build.auto$make_conditional_builder$fn__20471.invoke (auto.clj:103)
[0mCompiling "resources/public/js/app.js" from ["src/cljs" "env/dev/cljs"]...
[31mCompiling "resources/public/js/app.js" failed.[0m
clojure.lang.ExceptionInfo: failed compiling file:src/cljs/rfcdothelp/core.cljs
 at clojure.core$ex_info.invoke (core.clj:4403)
    cljs.compiler$compile_file$fn__3088.invoke (compiler.clj:1140)
    cljs.compiler$compile_file.invoke (compiler.clj:1105)
    cljs.compiler$compile_root.invoke (compiler.clj:1175)
    cljs.closure$compile_dir.invoke (closure.clj:369)
    cljs.closure$eval3462$fn__3463.invoke (closure.clj:409)
    cljs.closure$eval3398$fn__3399$G__3389__3406.invoke (closure.clj:316)
    cljs.closure$eval3449$fn__3450.invoke (closure.clj:423)
    cljs.closure$eval3398$fn__3399$G__3389__3406.invoke (closure.clj:316)
    clojurescript_build.core.CompilableSourcePaths/fn (core.clj:18)
    clojure.core$map$fn__4245.invoke (core.clj:2557)
    clojure.lang.LazySeq.sval (LazySeq.java:40)
    clojure.lang.LazySeq.seq (LazySeq.java:49)
    clojure.lang.RT.seq (RT.java:484)
    clojure.core$seq.invoke (core.clj:133)
    clojure.core$apply.invoke (core.clj:624)
    clojure.core$mapcat.doInvoke (core.clj:2586)
    clojure.lang.RestFn.invoke (RestFn.java:423)
    clojurescript_build.core.CompilableSourcePaths._compile (core.clj:18)
    cljs.closure$build.invoke (closure.clj:1437)
    clojurescript_build.core$build_source_paths_STAR_.invoke (core.clj:150)
    figwheel_sidecar.auto_builder$default_build_options$fn__20640.invoke (auto_builder.clj:66)
    figwheel_sidecar.auto_builder$warning$fn__20637.invoke (auto_builder.clj:61)
    clojurescript_build.auto$time_build$fn__20450.invoke (auto.clj:55)
    clojurescript_build.auto$after$fn__20456.invoke (auto.clj:64)
    clojurescript_build.auto$after$fn__20456.invoke (auto.clj:64)
    clojurescript_build.auto$after$fn__20456.invoke (auto.clj:64)
    clojurescript_build.auto$error$fn__20459.invoke (auto.clj:71)
    clojurescript_build.auto$before$fn__20453.invoke (auto.clj:60)
    clojurescript_build.auto$make_conditional_builder$fn__20471.invoke (auto.clj:103)
[0mCompiling "resources/public/js/app.js" from ["src/cljs" "env/dev/cljs"]...
[31mCompiling "resources/public/js/app.js" failed.[0m
clojure.lang.ExceptionInfo: failed compiling file:src/cljs/rfcdothelp/core.cljs
 at clojure.core$ex_info.invoke (core.clj:4403)
    cljs.compiler$compile_file$fn__3088.invoke (compiler.clj:1140)
    cljs.compiler$compile_file.invoke (compiler.clj:1105)
    cljs.compiler$compile_root.invoke (compiler.clj:1175)
    cljs.closure$compile_dir.invoke (closure.clj:369)
    cljs.closure$eval3462$fn__3463.invoke (closure.clj:409)
    cljs.closure$eval3398$fn__3399$G__3389__3406.invoke (closure.clj:316)
    cljs.closure$eval3449$fn__3450.invoke (closure.clj:423)
    cljs.closure$eval3398$fn__3399$G__3389__3406.invoke (closure.clj:316)
    clojurescript_build.core.CompilableSourcePaths/fn (core.clj:18)
    clojure.core$map$fn__4245.invoke (core.clj:2557)
    clojure.lang.LazySeq.sval (LazySeq.java:40)
    clojure.lang.LazySeq.seq (LazySeq.java:49)
    clojure.lang.RT.seq (RT.java:484)
    clojure.core$seq.invoke (core.clj:133)
    clojure.core$apply.invoke (core.clj:624)
    clojure.core$mapcat.doInvoke (core.clj:2586)
    clojure.lang.RestFn.invoke (RestFn.java:423)
    clojurescript_build.core.CompilableSourcePaths._compile (core.clj:18)
    cljs.closure$build.invoke (closure.clj:1437)
    clojurescript_build.core$build_source_paths_STAR_.invoke (core.clj:150)
    figwheel_sidecar.auto_builder$default_build_options$fn__20640.invoke (auto_builder.clj:66)
    figwheel_sidecar.auto_builder$warning$fn__20637.invoke (auto_builder.clj:61)
    clojurescript_build.auto$time_build$fn__20450.invoke (auto.clj:55)
    clojurescript_build.auto$after$fn__20456.invoke (auto.clj:64)
    clojurescript_build.auto$after$fn__20456.invoke (auto.clj:64)
    clojurescript_build.auto$after$fn__20456.invoke (auto.clj:64)
    clojurescript_build.auto$error$fn__20459.invoke (auto.clj:71)
    clojurescript_build.auto$before$fn__20453.invoke (auto.clj:60)
    clojurescript_build.auto$make_conditional_builder$fn__20471.invoke (auto.clj:103)
[0mCompiling "resources/public/js/app.js" from ["src/cljs" "env/dev/cljs"]...
[31mCompiling "resources/public/js/app.js" failed.[0m
clojure.lang.ExceptionInfo: failed compiling file:src/cljs/rfcdothelp/core.cljs
 at clojure.core$ex_info.invoke (core.clj:4403)
    cljs.compiler$compile_file$fn__3088.invoke (compiler.clj:1140)
    cljs.compiler$compile_file.invoke (compiler.clj:1105)
    cljs.compiler$compile_root.invoke (compiler.clj:1175)
    cljs.closure$compile_dir.invoke (closure.clj:369)
    cljs.closure$eval3462$fn__3463.invoke (closure.clj:409)
    cljs.closure$eval3398$fn__3399$G__3389__3406.invoke (closure.clj:316)
    cljs.closure$eval3449$fn__3450.invoke (closure.clj:423)
    cljs.closure$eval3398$fn__3399$G__3389__3406.invoke (closure.clj:316)
    clojurescript_build.core.CompilableSourcePaths/fn (core.clj:18)
    clojure.core$map$fn__4245.invoke (core.clj:2557)
    clojure.lang.LazySeq.sval (LazySeq.java:40)
    clojure.lang.LazySeq.seq (LazySeq.java:49)
    clojure.lang.RT.seq (RT.java:484)
    clojure.core$seq.invoke (core.clj:133)
    clojure.core$apply.invoke (core.clj:624)
    clojure.core$mapcat.doInvoke (core.clj:2586)
    clojure.lang.RestFn.invoke (RestFn.java:423)
    clojurescript_build.core.CompilableSourcePaths._compile (core.clj:18)
    cljs.closure$build.invoke (closure.clj:1437)
    clojurescript_build.core$build_source_paths_STAR_.invoke (core.clj:150)
    figwheel_sidecar.auto_builder$default_build_options$fn__20640.invoke (auto_builder.clj:66)
    figwheel_sidecar.auto_builder$warning$fn__20637.invoke (auto_builder.clj:61)
    clojurescript_build.auto$time_build$fn__20450.invoke (auto.clj:55)
    clojurescript_build.auto$after$fn__20456.invoke (auto.clj:64)
    clojurescript_build.auto$after$fn__20456.invoke (auto.clj:64)
    clojurescript_build.auto$after$fn__20456.invoke (auto.clj:64)
    clojurescript_build.auto$error$fn__20459.invoke (auto.clj:71)
    clojurescript_build.auto$before$fn__20453.invoke (auto.clj:60)
    clojurescript_build.auto$make_conditional_builder$fn__20471.invoke (auto.clj:103)
[0mCompiling "resources/public/js/app.js" from ["src/cljs" "env/dev/cljs"]...
[31mCompiling "resources/public/js/app.js" failed.[0m
clojure.lang.ExceptionInfo: failed compiling file:src/cljs/rfcdothelp/core.cljs
 at clojure.core$ex_info.invoke (core.clj:4403)
    cljs.compiler$compile_file$fn__3088.invoke (compiler.clj:1140)
    cljs.compiler$compile_file.invoke (compiler.clj:1105)
    cljs.compiler$compile_root.invoke (compiler.clj:1175)
    cljs.closure$compile_dir.invoke (closure.clj:369)
    cljs.closure$eval3462$fn__3463.invoke (closure.clj:409)
    cljs.closure$eval3398$fn__3399$G__3389__3406.invoke (closure.clj:316)
    cljs.closure$eval3449$fn__3450.invoke (closure.clj:423)
    cljs.closure$eval3398$fn__3399$G__3389__3406.invoke (closure.clj:316)
    clojurescript_build.core.CompilableSourcePaths/fn (core.clj:18)
    clojure.core$map$fn__4245.invoke (core.clj:2557)
    clojure.lang.LazySeq.sval (LazySeq.java:40)
    clojure.lang.LazySeq.seq (LazySeq.java:49)
    clojure.lang.RT.seq (RT.java:484)
    clojure.core$seq.invoke (core.clj:133)
    clojure.core$apply.invoke (core.clj:624)
    clojure.core$mapcat.doInvoke (core.clj:2586)
    clojure.lang.RestFn.invoke (RestFn.java:423)
    clojurescript_build.core.CompilableSourcePaths._compile (core.clj:18)
    cljs.closure$build.invoke (closure.clj:1437)
    clojurescript_build.core$build_source_paths_STAR_.invoke (core.clj:150)
    figwheel_sidecar.auto_builder$default_build_options$fn__20640.invoke (auto_builder.clj:66)
    figwheel_sidecar.auto_builder$warning$fn__20637.invoke (auto_builder.clj:61)
    clojurescript_build.auto$time_build$fn__20450.invoke (auto.clj:55)
    clojurescript_build.auto$after$fn__20456.invoke (auto.clj:64)
    clojurescript_build.auto$after$fn__20456.invoke (auto.clj:64)
    clojurescript_build.auto$after$fn__20456.invoke (auto.clj:64)
    clojurescript_build.auto$error$fn__20459.invoke (auto.clj:71)
    clojurescript_build.auto$before$fn__20453.invoke (auto.clj:60)
    clojurescript_build.auto$make_conditional_builder$fn__20471.invoke (auto.clj:103)
[0mCompiling "resources/public/js/app.js" from ["src/cljs" "env/dev/cljs"]...
[31mCompiling "resources/public/js/app.js" failed.[0m
clojure.lang.ExceptionInfo: failed compiling file:src/cljs/rfcdothelp/core.cljs
 at clojure.core$ex_info.invoke (core.clj:4403)
    cljs.compiler$compile_file$fn__3088.invoke (compiler.clj:1140)
    cljs.compiler$compile_file.invoke (compiler.clj:1105)
    cljs.compiler$compile_root.invoke (compiler.clj:1175)
    cljs.closure$compile_dir.invoke (closure.clj:369)
    cljs.closure$eval3462$fn__3463.invoke (closure.clj:409)
    cljs.closure$eval3398$fn__3399$G__3389__3406.invoke (closure.clj:316)
    cljs.closure$eval3449$fn__3450.invoke (closure.clj:423)
    cljs.closure$eval3398$fn__3399$G__3389__3406.invoke (closure.clj:316)
    clojurescript_build.core.CompilableSourcePaths/fn (core.clj:18)
    clojure.core$map$fn__4245.invoke (core.clj:2557)
    clojure.lang.LazySeq.sval (LazySeq.java:40)
    clojure.lang.LazySeq.seq (LazySeq.java:49)
    clojure.lang.RT.seq (RT.java:484)
    clojure.core$seq.invoke (core.clj:133)
    clojure.core$apply.invoke (core.clj:624)
    clojure.core$mapcat.doInvoke (core.clj:2586)
    clojure.lang.RestFn.invoke (RestFn.java:423)
    clojurescript_build.core.CompilableSourcePaths._compile (core.clj:18)
    cljs.closure$build.invoke (closure.clj:1437)
    clojurescript_build.core$build_source_paths_STAR_.invoke (core.clj:150)
    figwheel_sidecar.auto_builder$default_build_options$fn__20640.invoke (auto_builder.clj:66)
    figwheel_sidecar.auto_builder$warning$fn__20637.invoke (auto_builder.clj:61)
    clojurescript_build.auto$time_build$fn__20450.invoke (auto.clj:55)
    clojurescript_build.auto$after$fn__20456.invoke (auto.clj:64)
    clojurescript_build.auto$after$fn__20456.invoke (auto.clj:64)
    clojurescript_build.auto$after$fn__20456.invoke (auto.clj:64)
    clojurescript_build.auto$error$fn__20459.invoke (auto.clj:71)
    clojurescript_build.auto$before$fn__20453.invoke (auto.clj:60)
    clojurescript_build.auto$make_conditional_builder$fn__20471.invoke (auto.clj:103)
[0mCompiling "resources/public/js/app.js" from ["src/cljs" "env/dev/cljs"]...
[31mCompiling "resources/public/js/app.js" failed.[0m
clojure.lang.ExceptionInfo: failed compiling file:src/cljs/rfcdothelp/core.cljs
 at clojure.core$ex_info.invoke (core.clj:4403)
    cljs.compiler$compile_file$fn__3088.invoke (compiler.clj:1140)
    cljs.compiler$compile_file.invoke (compiler.clj:1105)
    cljs.compiler$compile_root.invoke (compiler.clj:1175)
    cljs.closure$compile_dir.invoke (closure.clj:369)
    cljs.closure$eval3462$fn__3463.invoke (closure.clj:409)
    cljs.closure$eval3398$fn__3399$G__3389__3406.invoke (closure.clj:316)
    cljs.closure$eval3449$fn__3450.invoke (closure.clj:423)
    cljs.closure$eval3398$fn__3399$G__3389__3406.invoke (closure.clj:316)
    clojurescript_build.core.CompilableSourcePaths/fn (core.clj:18)
    clojure.core$map$fn__4245.invoke (core.clj:2557)
    clojure.lang.LazySeq.sval (LazySeq.java:40)
    clojure.lang.LazySeq.seq (LazySeq.java:49)
    clojure.lang.RT.seq (RT.java:484)
    clojure.core$seq.invoke (core.clj:133)
    clojure.core$apply.invoke (core.clj:624)
    clojure.core$mapcat.doInvoke (core.clj:2586)
    clojure.lang.RestFn.invoke (RestFn.java:423)
    clojurescript_build.core.CompilableSourcePaths._compile (core.clj:18)
    cljs.closure$build.invoke (closure.clj:1437)
    clojurescript_build.core$build_source_paths_STAR_.invoke (core.clj:150)
    figwheel_sidecar.auto_builder$default_build_options$fn__20640.invoke (auto_builder.clj:66)
    figwheel_sidecar.auto_builder$warning$fn__20637.invoke (auto_builder.clj:61)
    clojurescript_build.auto$time_build$fn__20450.invoke (auto.clj:55)
    clojurescript_build.auto$after$fn__20456.invoke (auto.clj:64)
    clojurescript_build.auto$after$fn__20456.invoke (auto.clj:64)
    clojurescript_build.auto$after$fn__20456.invoke (auto.clj:64)
    clojurescript_build.auto$error$fn__20459.invoke (auto.clj:71)
    clojurescript_build.auto$before$fn__20453.invoke (auto.clj:60)
    clojurescript_build.auto$make_conditional_builder$fn__20471.invoke (auto.clj:103)
[0mCompiling "resources/public/js/app.js" from ["src/cljs" "env/dev/cljs"]...
[31mCompiling "resources/public/js/app.js" failed.[0m
clojure.lang.ExceptionInfo: failed compiling file:src/cljs/rfcdothelp/core.cljs
 at clojure.core$ex_info.invoke (core.clj:4403)
    cljs.compiler$compile_file$fn__3088.invoke (compiler.clj:1140)
    cljs.compiler$compile_file.invoke (compiler.clj:1105)
    cljs.compiler$compile_root.invoke (compiler.clj:1175)
    cljs.closure$compile_dir.invoke (closure.clj:369)
    cljs.closure$eval3462$fn__3463.invoke (closure.clj:409)
    cljs.closure$eval3398$fn__3399$G__3389__3406.invoke (closure.clj:316)
    cljs.closure$eval3449$fn__3450.invoke (closure.clj:423)
    cljs.closure$eval3398$fn__3399$G__3389__3406.invoke (closure.clj:316)
    clojurescript_build.core.CompilableSourcePaths/fn (core.clj:18)
    clojure.core$map$fn__4245.invoke (core.clj:2557)
    clojure.lang.LazySeq.sval (LazySeq.java:40)
    clojure.lang.LazySeq.seq (LazySeq.java:49)
    clojure.lang.RT.seq (RT.java:484)
    clojure.core$seq.invoke (core.clj:133)
    clojure.core$apply.invoke (core.clj:624)
    clojure.core$mapcat.doInvoke (core.clj:2586)
    clojure.lang.RestFn.invoke (RestFn.java:423)
    clojurescript_build.core.CompilableSourcePaths._compile (core.clj:18)
    cljs.closure$build.invoke (closure.clj:1437)
    clojurescript_build.core$build_source_paths_STAR_.invoke (core.clj:150)
    figwheel_sidecar.auto_builder$default_build_options$fn__20640.invoke (auto_builder.clj:66)
    figwheel_sidecar.auto_builder$warning$fn__20637.invoke (auto_builder.clj:61)
    clojurescript_build.auto$time_build$fn__20450.invoke (auto.clj:55)
    clojurescript_build.auto$after$fn__20456.invoke (auto.clj:64)
    clojurescript_build.auto$after$fn__20456.invoke (auto.clj:64)
    clojurescript_build.auto$after$fn__20456.invoke (auto.clj:64)
    clojurescript_build.auto$error$fn__20459.invoke (auto.clj:71)
    clojurescript_build.auto$before$fn__20453.invoke (auto.clj:60)
    clojurescript_build.auto$make_conditional_builder$fn__20471.invoke (auto.clj:103)
[0mCompiling "resources/public/js/app.js" from ["src/cljs" "env/dev/cljs"]...
[31mCompiling "resources/public/js/app.js" failed.[0m
clojure.lang.ExceptionInfo: failed compiling file:src/cljs/rfcdothelp/core.cljs
 at clojure.core$ex_info.invoke (core.clj:4403)
    cljs.compiler$compile_file$fn__3088.invoke (compiler.clj:1140)
    cljs.compiler$compile_file.invoke (compiler.clj:1105)
    cljs.compiler$compile_root.invoke (compiler.clj:1175)
    cljs.closure$compile_dir.invoke (closure.clj:369)
    cljs.closure$eval3462$fn__3463.invoke (closure.clj:409)
    cljs.closure$eval3398$fn__3399$G__3389__3406.invoke (closure.clj:316)
    cljs.closure$eval3449$fn__3450.invoke (closure.clj:423)
    cljs.closure$eval3398$fn__3399$G__3389__3406.invoke (closure.clj:316)
    clojurescript_build.core.CompilableSourcePaths/fn (core.clj:18)
    clojure.core$map$fn__4245.invoke (core.clj:2557)
    clojure.lang.LazySeq.sval (LazySeq.java:40)
    clojure.lang.LazySeq.seq (LazySeq.java:49)
    clojure.lang.RT.seq (RT.java:484)
    clojure.core$seq.invoke (core.clj:133)
    clojure.core$apply.invoke (core.clj:624)
    clojure.core$mapcat.doInvoke (core.clj:2586)
    clojure.lang.RestFn.invoke (RestFn.java:423)
    clojurescript_build.core.CompilableSourcePaths._compile (core.clj:18)
    cljs.closure$build.invoke (closure.clj:1437)
    clojurescript_build.core$build_source_paths_STAR_.invoke (core.clj:150)
    figwheel_sidecar.auto_builder$default_build_options$fn__20640.invoke (auto_builder.clj:66)
    figwheel_sidecar.auto_builder$warning$fn__20637.invoke (auto_builder.clj:61)
    clojurescript_build.auto$time_build$fn__20450.invoke (auto.clj:55)
    clojurescript_build.auto$after$fn__20456.invoke (auto.clj:64)
    clojurescript_build.auto$after$fn__20456.invoke (auto.clj:64)
    clojurescript_build.auto$after$fn__20456.invoke (auto.clj:64)
    clojurescript_build.auto$error$fn__20459.invoke (auto.clj:71)
    clojurescript_build.auto$before$fn__20453.invoke (auto.clj:60)
    clojurescript_build.auto$make_conditional_builder$fn__20471.invoke (auto.clj:103)
[0mCompiling "resources/public/js/app.js" from ["src/cljs" "env/dev/cljs"]...
[31mCompiling "resources/public/js/app.js" failed.[0m
clojure.lang.ExceptionInfo: failed compiling file:src/cljs/rfcdothelp/core.cljs
 at clojure.core$ex_info.invoke (core.clj:4403)
    cljs.compiler$compile_file$fn__3088.invoke (compiler.clj:1140)
    cljs.compiler$compile_file.invoke (compiler.clj:1105)
    cljs.compiler$compile_root.invoke (compiler.clj:1175)
    cljs.closure$compile_dir.invoke (closure.clj:369)
    cljs.closure$eval3462$fn__3463.invoke (closure.clj:409)
    cljs.closure$eval3398$fn__3399$G__3389__3406.invoke (closure.clj:316)
    cljs.closure$eval3449$fn__3450.invoke (closure.clj:423)
    cljs.closure$eval3398$fn__3399$G__3389__3406.invoke (closure.clj:316)
    clojurescript_build.core.CompilableSourcePaths/fn (core.clj:18)
    clojure.core$map$fn__4245.invoke (core.clj:2557)
    clojure.lang.LazySeq.sval (LazySeq.java:40)
    clojure.lang.LazySeq.seq (LazySeq.java:49)
    clojure.lang.RT.seq (RT.java:484)
    clojure.core$seq.invoke (core.clj:133)
    clojure.core$apply.invoke (core.clj:624)
    clojure.core$mapcat.doInvoke (core.clj:2586)
    clojure.lang.RestFn.invoke (RestFn.java:423)
    clojurescript_build.core.CompilableSourcePaths._compile (core.clj:18)
    cljs.closure$build.invoke (closure.clj:1437)
    clojurescript_build.core$build_source_paths_STAR_.invoke (core.clj:150)
    figwheel_sidecar.auto_builder$default_build_options$fn__20640.invoke (auto_builder.clj:66)
    figwheel_sidecar.auto_builder$warning$fn__20637.invoke (auto_builder.clj:61)
    clojurescript_build.auto$time_build$fn__20450.invoke (auto.clj:55)
    clojurescript_build.auto$after$fn__20456.invoke (auto.clj:64)
    clojurescript_build.auto$after$fn__20456.invoke (auto.clj:64)
    clojurescript_build.auto$after$fn__20456.invoke (auto.clj:64)
    clojurescript_build.auto$error$fn__20459.invoke (auto.clj:71)
    clojurescript_build.auto$before$fn__20453.invoke (auto.clj:60)
    clojurescript_build.auto$make_conditional_builder$fn__20471.invoke (auto.clj:103)
[0mCompiling "resources/public/js/app.js" from ["src/cljs" "env/dev/cljs"]...
[31mCompiling "resources/public/js/app.js" failed.[0m
clojure.lang.ExceptionInfo: failed compiling file:src/cljs/rfcdothelp/core.cljs
 at clojure.core$ex_info.invoke (core.clj:4403)
    cljs.compiler$compile_file$fn__3088.invoke (compiler.clj:1140)
    cljs.compiler$compile_file.invoke (compiler.clj:1105)
    cljs.compiler$compile_root.invoke (compiler.clj:1175)
    cljs.closure$compile_dir.invoke (closure.clj:369)
    cljs.closure$eval3462$fn__3463.invoke (closure.clj:409)
    cljs.closure$eval3398$fn__3399$G__3389__3406.invoke (closure.clj:316)
    cljs.closure$eval3449$fn__3450.invoke (closure.clj:423)
    cljs.closure$eval3398$fn__3399$G__3389__3406.invoke (closure.clj:316)
    clojurescript_build.core.CompilableSourcePaths/fn (core.clj:18)
    clojure.core$map$fn__4245.invoke (core.clj:2557)
    clojure.lang.LazySeq.sval (LazySeq.java:40)
    clojure.lang.LazySeq.seq (LazySeq.java:49)
    clojure.lang.RT.seq (RT.java:484)
    clojure.core$seq.invoke (core.clj:133)
    clojure.core$apply.invoke (core.clj:624)
    clojure.core$mapcat.doInvoke (core.clj:2586)
    clojure.lang.RestFn.invoke (RestFn.java:423)
    clojurescript_build.core.CompilableSourcePaths._compile (core.clj:18)
    cljs.closure$build.invoke (closure.clj:1437)
    clojurescript_build.core$build_source_paths_STAR_.invoke (core.clj:150)
    figwheel_sidecar.auto_builder$default_build_options$fn__20640.invoke (auto_builder.clj:66)
    figwheel_sidecar.auto_builder$warning$fn__20637.invoke (auto_builder.clj:61)
    clojurescript_build.auto$time_build$fn__20450.invoke (auto.clj:55)
    clojurescript_build.auto$after$fn__20456.invoke (auto.clj:64)
    clojurescript_build.auto$after$fn__20456.invoke (auto.clj:64)
    clojurescript_build.auto$after$fn__20456.invoke (auto.clj:64)
    clojurescript_build.auto$error$fn__20459.invoke (auto.clj:71)
    clojurescript_build.auto$before$fn__20453.invoke (auto.clj:60)
    clojurescript_build.auto$make_conditional_builder$fn__20471.invoke (auto.clj:103)
[0mCompiling "resources/public/js/app.js" from ["src/cljs" "env/dev/cljs"]...
[31mCompiling "resources/public/js/app.js" failed.[0m
clojure.lang.ExceptionInfo: failed compiling file:src/cljs/rfcdothelp/core.cljs
 at clojure.core$ex_info.invoke (core.clj:4403)
    cljs.compiler$compile_file$fn__3088.invoke (compiler.clj:1140)
    cljs.compiler$compile_file.invoke (compiler.clj:1105)
    cljs.compiler$compile_root.invoke (compiler.clj:1175)
    cljs.closure$compile_dir.invoke (closure.clj:369)
    cljs.closure$eval3462$fn__3463.invoke (closure.clj:409)
    cljs.closure$eval3398$fn__3399$G__3389__3406.invoke (closure.clj:316)
    cljs.closure$eval3449$fn__3450.invoke (closure.clj:423)
    cljs.closure$eval3398$fn__3399$G__3389__3406.invoke (closure.clj:316)
    clojurescript_build.core.CompilableSourcePaths/fn (core.clj:18)
    clojure.core$map$fn__4245.invoke (core.clj:2557)
    clojure.lang.LazySeq.sval (LazySeq.java:40)
    clojure.lang.LazySeq.seq (LazySeq.java:49)
    clojure.lang.RT.seq (RT.java:484)
    clojure.core$seq.invoke (core.clj:133)
    clojure.core$apply.invoke (core.clj:624)
    clojure.core$mapcat.doInvoke (core.clj:2586)
    clojure.lang.RestFn.invoke (RestFn.java:423)
    clojurescript_build.core.CompilableSourcePaths._compile (core.clj:18)
    cljs.closure$build.invoke (closure.clj:1437)
    clojurescript_build.core$build_source_paths_STAR_.invoke (core.clj:150)
    figwheel_sidecar.auto_builder$default_build_options$fn__20640.invoke (auto_builder.clj:66)
    figwheel_sidecar.auto_builder$warning$fn__20637.invoke (auto_builder.clj:61)
    clojurescript_build.auto$time_build$fn__20450.invoke (auto.clj:55)
    clojurescript_build.auto$after$fn__20456.invoke (auto.clj:64)
    clojurescript_build.auto$after$fn__20456.invoke (auto.clj:64)
    clojurescript_build.auto$after$fn__20456.invoke (auto.clj:64)
    clojurescript_build.auto$error$fn__20459.invoke (auto.clj:71)
    clojurescript_build.auto$before$fn__20453.invoke (auto.clj:60)
    clojurescript_build.auto$make_conditional_builder$fn__20471.invoke (auto.clj:103)
Figwheel: focusing on build-ids (app)
[0mCompiling "resources/public/js/app.js" from ["src/cljs" "env/dev/cljs"]...
[32mSuccessfully compiled "resources/public/js/app.js" in 0.349 seconds.[0m
notifying browser that file changed:  resources/public/js/out/goog/deps.js
notifying browser that file changed:  resources/public/js/out/cljs_deps.js
[0mCompiling "resources/public/js/app.js" from ["src/cljs" "env/dev/cljs"]...
[31mCompiling "resources/public/js/app.js" failed.[0m
clojure.lang.ExceptionInfo: failed compiling file:src/cljs/rfcdothelp/core.cljs
 at clojure.core$ex_info.invoke (core.clj:4403)
    cljs.compiler$compile_file$fn__3088.invoke (compiler.clj:1140)
    cljs.compiler$compile_file.invoke (compiler.clj:1105)
    cljs.compiler$compile_root.invoke (compiler.clj:1175)
    cljs.closure$compile_dir.invoke (closure.clj:369)
    cljs.closure$eval3462$fn__3463.invoke (closure.clj:409)
    cljs.closure$eval3398$fn__3399$G__3389__3406.invoke (closure.clj:316)
    cljs.closure$eval3449$fn__3450.invoke (closure.clj:423)
    cljs.closure$eval3398$fn__3399$G__3389__3406.invoke (closure.clj:316)
    clojurescript_build.core.CompilableSourcePaths/fn (core.clj:18)
    clojure.core$map$fn__4245.invoke (core.clj:2557)
    clojure.lang.LazySeq.sval (LazySeq.java:40)
    clojure.lang.LazySeq.seq (LazySeq.java:49)
    clojure.lang.RT.seq (RT.java:484)
    clojure.core$seq.invoke (core.clj:133)
    clojure.core$apply.invoke (core.clj:624)
    clojure.core$mapcat.doInvoke (core.clj:2586)
    clojure.lang.RestFn.invoke (RestFn.java:423)
    clojurescript_build.core.CompilableSourcePaths._compile (core.clj:18)
    cljs.closure$build.invoke (closure.clj:1437)
    clojurescript_build.core$build_source_paths_STAR_.invoke (core.clj:150)
    figwheel_sidecar.auto_builder$default_build_options$fn__20640.invoke (auto_builder.clj:66)
    figwheel_sidecar.auto_builder$warning$fn__20637.invoke (auto_builder.clj:61)
    clojurescript_build.auto$time_build$fn__20450.invoke (auto.clj:55)
    clojurescript_build.auto$after$fn__20456.invoke (auto.clj:64)
    clojurescript_build.auto$after$fn__20456.invoke (auto.clj:64)
    clojurescript_build.auto$after$fn__20456.invoke (auto.clj:64)
    clojurescript_build.auto$error$fn__20459.invoke (auto.clj:71)
    clojurescript_build.auto$before$fn__20453.invoke (auto.clj:60)
    clojurescript_build.auto$make_conditional_builder$fn__20471.invoke (auto.clj:103)
[0mCompiling "resources/public/js/app.js" from ["src/cljs" "env/dev/cljs"]...
[31mCompiling "resources/public/js/app.js" failed.[0m
clojure.lang.ExceptionInfo: failed compiling file:src/cljs/rfcdothelp/core.cljs
 at clojure.core$ex_info.invoke (core.clj:4403)
    cljs.compiler$compile_file$fn__3088.invoke (compiler.clj:1140)
    cljs.compiler$compile_file.invoke (compiler.clj:1105)
    cljs.compiler$compile_root.invoke (compiler.clj:1175)
    cljs.closure$compile_dir.invoke (closure.clj:369)
    cljs.closure$eval3462$fn__3463.invoke (closure.clj:409)
    cljs.closure$eval3398$fn__3399$G__3389__3406.invoke (closure.clj:316)
    cljs.closure$eval3449$fn__3450.invoke (closure.clj:423)
    cljs.closure$eval3398$fn__3399$G__3389__3406.invoke (closure.clj:316)
    clojurescript_build.core.CompilableSourcePaths/fn (core.clj:18)
    clojure.core$map$fn__4245.invoke (core.clj:2557)
    clojure.lang.LazySeq.sval (LazySeq.java:40)
    clojure.lang.LazySeq.seq (LazySeq.java:49)
    clojure.lang.RT.seq (RT.java:484)
    clojure.core$seq.invoke (core.clj:133)
    clojure.core$apply.invoke (core.clj:624)
    clojure.core$mapcat.doInvoke (core.clj:2586)
    clojure.lang.RestFn.invoke (RestFn.java:423)
    clojurescript_build.core.CompilableSourcePaths._compile (core.clj:18)
    cljs.closure$build.invoke (closure.clj:1437)
    clojurescript_build.core$build_source_paths_STAR_.invoke (core.clj:150)
    figwheel_sidecar.auto_builder$default_build_options$fn__20640.invoke (auto_builder.clj:66)
    figwheel_sidecar.auto_builder$warning$fn__20637.invoke (auto_builder.clj:61)
    clojurescript_build.auto$time_build$fn__20450.invoke (auto.clj:55)
    clojurescript_build.auto$after$fn__20456.invoke (auto.clj:64)
    clojurescript_build.auto$after$fn__20456.invoke (auto.clj:64)
    clojurescript_build.auto$after$fn__20456.invoke (auto.clj:64)
    clojurescript_build.auto$error$fn__20459.invoke (auto.clj:71)
    clojurescript_build.auto$before$fn__20453.invoke (auto.clj:60)
    clojurescript_build.auto$make_conditional_builder$fn__20471.invoke (auto.clj:103)
Figwheel: focusing on build-ids (app)
[0mCompiling "resources/public/js/app.js" from ["src/cljs" "env/dev/cljs"]...
[32mSuccessfully compiled "resources/public/js/app.js" in 0.222 seconds.[0m
notifying browser that file changed:  resources/public/js/out/goog/deps.js
notifying browser that file changed:  resources/public/js/out/cljs_deps.js
[0mCompiling "resources/public/js/app.js" from ["src/cljs" "env/dev/cljs"]...
WARNING: Use of undeclared Var rfcdothelp.core/value at line 26 src/cljs/rfcdothelp/core.cljs
WARNING: Use of undeclared Var rfcdothelp.core/sel1 at line 26 src/cljs/rfcdothelp/core.cljs
[32mSuccessfully compiled "resources/public/js/app.js" in 0.625 seconds.[0m
notifying browser that file changed:  resources/public/js/out/cljs_deps.js
notifying browser that file changed:  /rfcdothelp/core.js
[0mCompiling "resources/public/js/app.js" from ["src/cljs" "env/dev/cljs"]...
WARNING: Use of undeclared Var rfcdothelp.core/value at line 27 src/cljs/rfcdothelp/core.cljs
[32mSuccessfully compiled "resources/public/js/app.js" in 0.192 seconds.[0m
notifying browser that file changed:  resources/public/js/out/cljs_deps.js
notifying browser that file changed:  /rfcdothelp/core.js
[0mCompiling "resources/public/js/app.js" from ["src/cljs" "env/dev/cljs"]...
[31mCompiling "resources/public/js/app.js" failed.[0m
clojure.lang.ExceptionInfo: failed compiling file:src/cljs/rfcdothelp/core.cljs
 at clojure.core$ex_info.invoke (core.clj:4403)
    cljs.compiler$compile_file$fn__3088.invoke (compiler.clj:1140)
    cljs.compiler$compile_file.invoke (compiler.clj:1105)
    cljs.compiler$compile_root.invoke (compiler.clj:1175)
    cljs.closure$compile_dir.invoke (closure.clj:369)
    cljs.closure$eval3462$fn__3463.invoke (closure.clj:409)
    cljs.closure$eval3398$fn__3399$G__3389__3406.invoke (closure.clj:316)
    cljs.closure$eval3449$fn__3450.invoke (closure.clj:423)
    cljs.closure$eval3398$fn__3399$G__3389__3406.invoke (closure.clj:316)
    clojurescript_build.core.CompilableSourcePaths/fn (core.clj:18)
    clojure.core$map$fn__4245.invoke (core.clj:2557)
    clojure.lang.LazySeq.sval (LazySeq.java:40)
    clojure.lang.LazySeq.seq (LazySeq.java:49)
    clojure.lang.RT.seq (RT.java:484)
    clojure.core$seq.invoke (core.clj:133)
    clojure.core$apply.invoke (core.clj:624)
    clojure.core$mapcat.doInvoke (core.clj:2586)
    clojure.lang.RestFn.invoke (RestFn.java:423)
    clojurescript_build.core.CompilableSourcePaths._compile (core.clj:18)
    cljs.closure$build.invoke (closure.clj:1437)
    clojurescript_build.core$build_source_paths_STAR_.invoke (core.clj:150)
    figwheel_sidecar.auto_builder$default_build_options$fn__20640.invoke (auto_builder.clj:66)
    figwheel_sidecar.auto_builder$warning$fn__20637.invoke (auto_builder.clj:61)
    clojurescript_build.auto$time_build$fn__20450.invoke (auto.clj:55)
    clojurescript_build.auto$after$fn__20456.invoke (auto.clj:64)
    clojurescript_build.auto$after$fn__20456.invoke (auto.clj:64)
    clojurescript_build.auto$after$fn__20456.invoke (auto.clj:64)
    clojurescript_build.auto$error$fn__20459.invoke (auto.clj:71)
    clojurescript_build.auto$before$fn__20453.invoke (auto.clj:60)
    clojurescript_build.auto$make_conditional_builder$fn__20471.invoke (auto.clj:103)
[0mCompiling "resources/public/js/app.js" from ["src/cljs" "env/dev/cljs"]...
WARNING: Use of undeclared Var rfcdothelp.core/value at line 26 src/cljs/rfcdothelp/core.cljs
WARNING: Use of undeclared Var rfcdothelp.core/sel1 at line 26 src/cljs/rfcdothelp/core.cljs
[32mSuccessfully compiled "resources/public/js/app.js" in 0.119 seconds.[0m
notifying browser that file changed:  resources/public/js/out/cljs_deps.js
notifying browser that file changed:  /rfcdothelp/core.js
[0mCompiling "resources/public/js/app.js" from ["src/cljs" "env/dev/cljs"]...
[31mCompiling "resources/public/js/app.js" failed.[0m
clojure.lang.ExceptionInfo: failed compiling file:src/cljs/rfcdothelp/core.cljs
 at clojure.core$ex_info.invoke (core.clj:4403)
    cljs.compiler$compile_file$fn__3088.invoke (compiler.clj:1140)
    cljs.compiler$compile_file.invoke (compiler.clj:1105)
    cljs.compiler$compile_root.invoke (compiler.clj:1175)
    cljs.closure$compile_dir.invoke (closure.clj:369)
    cljs.closure$eval3462$fn__3463.invoke (closure.clj:409)
    cljs.closure$eval3398$fn__3399$G__3389__3406.invoke (closure.clj:316)
    cljs.closure$eval3449$fn__3450.invoke (closure.clj:423)
    cljs.closure$eval3398$fn__3399$G__3389__3406.invoke (closure.clj:316)
    clojurescript_build.core.CompilableSourcePaths/fn (core.clj:18)
    clojure.core$map$fn__4245.invoke (core.clj:2557)
    clojure.lang.LazySeq.sval (LazySeq.java:40)
    clojure.lang.LazySeq.seq (LazySeq.java:49)
    clojure.lang.RT.seq (RT.java:484)
    clojure.core$seq.invoke (core.clj:133)
    clojure.core$apply.invoke (core.clj:624)
    clojure.core$mapcat.doInvoke (core.clj:2586)
    clojure.lang.RestFn.invoke (RestFn.java:423)
    clojurescript_build.core.CompilableSourcePaths._compile (core.clj:18)
    cljs.closure$build.invoke (closure.clj:1437)
    clojurescript_build.core$build_source_paths_STAR_.invoke (core.clj:150)
    figwheel_sidecar.auto_builder$default_build_options$fn__20640.invoke (auto_builder.clj:66)
    figwheel_sidecar.auto_builder$warning$fn__20637.invoke (auto_builder.clj:61)
    clojurescript_build.auto$time_build$fn__20450.invoke (auto.clj:55)
    clojurescript_build.auto$after$fn__20456.invoke (auto.clj:64)
    clojurescript_build.auto$after$fn__20456.invoke (auto.clj:64)
    clojurescript_build.auto$after$fn__20456.invoke (auto.clj:64)
    clojurescript_build.auto$error$fn__20459.invoke (auto.clj:71)
    clojurescript_build.auto$before$fn__20453.invoke (auto.clj:60)
    clojurescript_build.auto$make_conditional_builder$fn__20471.invoke (auto.clj:103)
[0mCompiling "resources/public/js/app.js" from ["src/cljs" "env/dev/cljs"]...
[31mCompiling "resources/public/js/app.js" failed.[0m
clojure.lang.ExceptionInfo: failed compiling file:src/cljs/rfcdothelp/core.cljs
 at clojure.core$ex_info.invoke (core.clj:4403)
    cljs.compiler$compile_file$fn__3088.invoke (compiler.clj:1140)
    cljs.compiler$compile_file.invoke (compiler.clj:1105)
    cljs.compiler$compile_root.invoke (compiler.clj:1175)
    cljs.closure$compile_dir.invoke (closure.clj:369)
    cljs.closure$eval3462$fn__3463.invoke (closure.clj:409)
    cljs.closure$eval3398$fn__3399$G__3389__3406.invoke (closure.clj:316)
    cljs.closure$eval3449$fn__3450.invoke (closure.clj:423)
    cljs.closure$eval3398$fn__3399$G__3389__3406.invoke (closure.clj:316)
    clojurescript_build.core.CompilableSourcePaths/fn (core.clj:18)
    clojure.core$map$fn__4245.invoke (core.clj:2557)
    clojure.lang.LazySeq.sval (LazySeq.java:40)
    clojure.lang.LazySeq.seq (LazySeq.java:49)
    clojure.lang.RT.seq (RT.java:484)
    clojure.core$seq.invoke (core.clj:133)
    clojure.core$apply.invoke (core.clj:624)
    clojure.core$mapcat.doInvoke (core.clj:2586)
    clojure.lang.RestFn.invoke (RestFn.java:423)
    clojurescript_build.core.CompilableSourcePaths._compile (core.clj:18)
    cljs.closure$build.invoke (closure.clj:1437)
    clojurescript_build.core$build_source_paths_STAR_.invoke (core.clj:150)
    figwheel_sidecar.auto_builder$default_build_options$fn__20640.invoke (auto_builder.clj:66)
    figwheel_sidecar.auto_builder$warning$fn__20637.invoke (auto_builder.clj:61)
    clojurescript_build.auto$time_build$fn__20450.invoke (auto.clj:55)
    clojurescript_build.auto$after$fn__20456.invoke (auto.clj:64)
    clojurescript_build.auto$after$fn__20456.invoke (auto.clj:64)
    clojurescript_build.auto$after$fn__20456.invoke (auto.clj:64)
    clojurescript_build.auto$error$fn__20459.invoke (auto.clj:71)
    clojurescript_build.auto$before$fn__20453.invoke (auto.clj:60)
    clojurescript_build.auto$make_conditional_builder$fn__20471.invoke (auto.clj:103)
[0mCompiling "resources/public/js/app.js" from ["src/cljs" "env/dev/cljs"]...
[32mSuccessfully compiled "resources/public/js/app.js" in 0.11 seconds.[0m
notifying browser that file changed:  resources/public/js/out/cljs_deps.js
notifying browser that file changed:  /rfcdothelp/core.js
[0mCompiling "resources/public/js/app.js" from ["src/cljs" "env/dev/cljs"]...
[31mCompiling "resources/public/js/app.js" failed.[0m
clojure.lang.ExceptionInfo: failed compiling file:src/cljs/rfcdothelp/core.cljs
 at clojure.core$ex_info.invoke (core.clj:4403)
    cljs.compiler$compile_file$fn__3088.invoke (compiler.clj:1140)
    cljs.compiler$compile_file.invoke (compiler.clj:1105)
    cljs.compiler$compile_root.invoke (compiler.clj:1175)
    cljs.closure$compile_dir.invoke (closure.clj:369)
    cljs.closure$eval3462$fn__3463.invoke (closure.clj:409)
    cljs.closure$eval3398$fn__3399$G__3389__3406.invoke (closure.clj:316)
    cljs.closure$eval3449$fn__3450.invoke (closure.clj:423)
    cljs.closure$eval3398$fn__3399$G__3389__3406.invoke (closure.clj:316)
    clojurescript_build.core.CompilableSourcePaths/fn (core.clj:18)
    clojure.core$map$fn__4245.invoke (core.clj:2557)
    clojure.lang.LazySeq.sval (LazySeq.java:40)
    clojure.lang.LazySeq.seq (LazySeq.java:49)
    clojure.lang.RT.seq (RT.java:484)
    clojure.core$seq.invoke (core.clj:133)
    clojure.core$apply.invoke (core.clj:624)
    clojure.core$mapcat.doInvoke (core.clj:2586)
    clojure.lang.RestFn.invoke (RestFn.java:423)
    clojurescript_build.core.CompilableSourcePaths._compile (core.clj:18)
    cljs.closure$build.invoke (closure.clj:1437)
    clojurescript_build.core$build_source_paths_STAR_.invoke (core.clj:150)
    figwheel_sidecar.auto_builder$default_build_options$fn__20640.invoke (auto_builder.clj:66)
    figwheel_sidecar.auto_builder$warning$fn__20637.invoke (auto_builder.clj:61)
    clojurescript_build.auto$time_build$fn__20450.invoke (auto.clj:55)
    clojurescript_build.auto$after$fn__20456.invoke (auto.clj:64)
    clojurescript_build.auto$after$fn__20456.invoke (auto.clj:64)
    clojurescript_build.auto$after$fn__20456.invoke (auto.clj:64)
    clojurescript_build.auto$error$fn__20459.invoke (auto.clj:71)
    clojurescript_build.auto$before$fn__20453.invoke (auto.clj:60)
    clojurescript_build.auto$make_conditional_builder$fn__20471.invoke (auto.clj:103)
[0mCompiling "resources/public/js/app.js" from ["src/cljs" "env/dev/cljs"]...
[32mSuccessfully compiled "resources/public/js/app.js" in 0.091 seconds.[0m
notifying browser that file changed:  resources/public/js/out/cljs_deps.js
notifying browser that file changed:  /rfcdothelp/core.js
[0mCompiling "resources/public/js/app.js" from ["src/cljs" "env/dev/cljs"]...
[32mSuccessfully compiled "resources/public/js/app.js" in 0.1 seconds.[0m
notifying browser that file changed:  /rfcdothelp/core.js
[0mCompiling "resources/public/js/app.js" from ["src/cljs" "env/dev/cljs"]...
[32mSuccessfully compiled "resources/public/js/app.js" in 0.106 seconds.[0m
notifying browser that file changed:  resources/public/js/out/cljs_deps.js
notifying browser that file changed:  /rfcdothelp/core.js
[0mCompiling "resources/public/js/app.js" from ["src/cljs" "env/dev/cljs"]...
[32mSuccessfully compiled "resources/public/js/app.js" in 0.095 seconds.[0m
notifying browser that file changed:  /rfcdothelp/core.js
[0mCompiling "resources/public/js/app.js" from ["src/cljs" "env/dev/cljs"]...
[32mSuccessfully compiled "resources/public/js/app.js" in 0.105 seconds.[0m
notifying browser that file changed:  /rfcdothelp/core.js
[0mCompiling "resources/public/js/app.js" from ["src/cljs" "env/dev/cljs"]...
[32mSuccessfully compiled "resources/public/js/app.js" in 0.115 seconds.[0m
notifying browser that file changed:  resources/public/js/out/cljs_deps.js
notifying browser that file changed:  /rfcdothelp/core.js
[0mCompiling "resources/public/js/app.js" from ["src/cljs" "env/dev/cljs"]...
[32mSuccessfully compiled "resources/public/js/app.js" in 0.101 seconds.[0m
notifying browser that file changed:  resources/public/js/out/cljs_deps.js
notifying browser that file changed:  /rfcdothelp/core.js
[0mCompiling "resources/public/js/app.js" from ["src/cljs" "env/dev/cljs"]...
[32mSuccessfully compiled "resources/public/js/app.js" in 0.091 seconds.[0m
notifying browser that file changed:  /rfcdothelp/core.js
[0mCompiling "resources/public/js/app.js" from ["src/cljs" "env/dev/cljs"]...
[32mSuccessfully compiled "resources/public/js/app.js" in 0.103 seconds.[0m
notifying browser that file changed:  /rfcdothelp/core.js
[0mCompiling "resources/public/js/app.js" from ["src/cljs" "env/dev/cljs"]...
[32mSuccessfully compiled "resources/public/js/app.js" in 0.084 seconds.[0m
notifying browser that file changed:  /rfcdothelp/core.js
[0mCompiling "resources/public/js/app.js" from ["src/cljs" "env/dev/cljs"]...
[32mSuccessfully compiled "resources/public/js/app.js" in 0.085 seconds.[0m
notifying browser that file changed:  /rfcdothelp/core.js
[0mCompiling "resources/public/js/app.js" from ["src/cljs" "env/dev/cljs"]...
[32mSuccessfully compiled "resources/public/js/app.js" in 0.089 seconds.[0m
notifying browser that file changed:  resources/public/js/out/cljs_deps.js
notifying browser that file changed:  /rfcdothelp/core.js
[0mCompiling "resources/public/js/app.js" from ["src/cljs" "env/dev/cljs"]...
[31mCompiling "resources/public/js/app.js" failed.[0m
clojure.lang.ExceptionInfo: failed compiling file:src/cljs/rfcdothelp/core.cljs
 at clojure.core$ex_info.invoke (core.clj:4403)
    cljs.compiler$compile_file$fn__3088.invoke (compiler.clj:1140)
    cljs.compiler$compile_file.invoke (compiler.clj:1105)
    cljs.compiler$compile_root.invoke (compiler.clj:1175)
    cljs.closure$compile_dir.invoke (closure.clj:369)
    cljs.closure$eval3462$fn__3463.invoke (closure.clj:409)
    cljs.closure$eval3398$fn__3399$G__3389__3406.invoke (closure.clj:316)
    cljs.closure$eval3449$fn__3450.invoke (closure.clj:423)
    cljs.closure$eval3398$fn__3399$G__3389__3406.invoke (closure.clj:316)
    clojurescript_build.core.CompilableSourcePaths/fn (core.clj:18)
    clojure.core$map$fn__4245.invoke (core.clj:2557)
    clojure.lang.LazySeq.sval (LazySeq.java:40)
    clojure.lang.LazySeq.seq (LazySeq.java:49)
    clojure.lang.RT.seq (RT.java:484)
    clojure.core$seq.invoke (core.clj:133)
    clojure.core$apply.invoke (core.clj:624)
    clojure.core$mapcat.doInvoke (core.clj:2586)
    clojure.lang.RestFn.invoke (RestFn.java:423)
    clojurescript_build.core.CompilableSourcePaths._compile (core.clj:18)
    cljs.closure$build.invoke (closure.clj:1437)
    clojurescript_build.core$build_source_paths_STAR_.invoke (core.clj:150)
    figwheel_sidecar.auto_builder$default_build_options$fn__20640.invoke (auto_builder.clj:66)
    figwheel_sidecar.auto_builder$warning$fn__20637.invoke (auto_builder.clj:61)
    clojurescript_build.auto$time_build$fn__20450.invoke (auto.clj:55)
    clojurescript_build.auto$after$fn__20456.invoke (auto.clj:64)
    clojurescript_build.auto$after$fn__20456.invoke (auto.clj:64)
    clojurescript_build.auto$after$fn__20456.invoke (auto.clj:64)
    clojurescript_build.auto$error$fn__20459.invoke (auto.clj:71)
    clojurescript_build.auto$before$fn__20453.invoke (auto.clj:60)
    clojurescript_build.auto$make_conditional_builder$fn__20471.invoke (auto.clj:103)
[0mCompiling "resources/public/js/app.js" from ["src/cljs" "env/dev/cljs"]...
[32mSuccessfully compiled "resources/public/js/app.js" in 0.091 seconds.[0m
notifying browser that file changed:  /rfcdothelp/core.js
[0mCompiling "resources/public/js/app.js" from ["src/cljs" "env/dev/cljs"]...
[32mSuccessfully compiled "resources/public/js/app.js" in 0.084 seconds.[0m
notifying browser that file changed:  resources/public/js/out/cljs_deps.js
notifying browser that file changed:  /rfcdothelp/core.js
[0mCompiling "resources/public/js/app.js" from ["src/cljs" "env/dev/cljs"]...
[32mSuccessfully compiled "resources/public/js/app.js" in 0.086 seconds.[0m
notifying browser that file changed:  resources/public/js/out/cljs_deps.js
notifying browser that file changed:  /rfcdothelp/core.js
[0mCompiling "resources/public/js/app.js" from ["src/cljs" "env/dev/cljs"]...
[32mSuccessfully compiled "resources/public/js/app.js" in 0.085 seconds.[0m
notifying browser that file changed:  /rfcdothelp/core.js
[0mCompiling "resources/public/js/app.js" from ["src/cljs" "env/dev/cljs"]...
[32mSuccessfully compiled "resources/public/js/app.js" in 0.082 seconds.[0m
notifying browser that file changed:  resources/public/js/out/cljs_deps.js
notifying browser that file changed:  /rfcdothelp/core.js
[0mCompiling "resources/public/js/app.js" from ["src/cljs" "env/dev/cljs"]...
[32mSuccessfully compiled "resources/public/js/app.js" in 0.084 seconds.[0m
notifying browser that file changed:  resources/public/js/out/cljs_deps.js
notifying browser that file changed:  /rfcdothelp/core.js
[0mCompiling "resources/public/js/app.js" from ["src/cljs" "env/dev/cljs"]...
WARNING: Use of undeclared Var rfcdothelp.core/lego-set-url at line 38 src/cljs/rfcdothelp/core.cljs
[32mSuccessfully compiled "resources/public/js/app.js" in 0.083 seconds.[0m
notifying browser that file changed:  resources/public/js/out/cljs_deps.js
notifying browser that file changed:  /rfcdothelp/core.js
[0mCompiling "resources/public/js/app.js" from ["src/cljs" "env/dev/cljs"]...
WARNING: Wrong number of args (0) passed to rfcdothelp.core/lego-set-url at line 47 src/cljs/rfcdothelp/core.cljs
[32mSuccessfully compiled "resources/public/js/app.js" in 0.109 seconds.[0m
notifying browser that file changed:  /rfcdothelp/core.js
[0mCompiling "resources/public/js/app.js" from ["src/cljs" "env/dev/cljs"]...
WARNING: Wrong number of args (0) passed to rfcdothelp.core/lego-set-url at line 51 src/cljs/rfcdothelp/core.cljs
[32mSuccessfully compiled "resources/public/js/app.js" in 0.087 seconds.[0m
notifying browser that file changed:  /rfcdothelp/core.js
[0mCompiling "resources/public/js/app.js" from ["src/cljs" "env/dev/cljs"]...
[32mSuccessfully compiled "resources/public/js/app.js" in 0.08 seconds.[0m
notifying browser that file changed:  resources/public/js/out/cljs_deps.js
notifying browser that file changed:  /rfcdothelp/core.js
[0mCompiling "resources/public/js/app.js" from ["src/cljs" "env/dev/cljs"]...
[32mSuccessfully compiled "resources/public/js/app.js" in 0.094 seconds.[0m
notifying browser that file changed:  /rfcdothelp/core.js
[0mCompiling "resources/public/js/app.js" from ["src/cljs" "env/dev/cljs"]...
[32mSuccessfully compiled "resources/public/js/app.js" in 0.09 seconds.[0m
notifying browser that file changed:  resources/public/js/out/cljs_deps.js
notifying browser that file changed:  /rfcdothelp/core.js
[0mCompiling "resources/public/js/app.js" from ["src/cljs" "env/dev/cljs"]...
[31mCompiling "resources/public/js/app.js" failed.[0m
clojure.lang.ExceptionInfo: failed compiling file:src/cljs/rfcdothelp/core.cljs
 at clojure.core$ex_info.invoke (core.clj:4403)
    cljs.compiler$compile_file$fn__3088.invoke (compiler.clj:1140)
    cljs.compiler$compile_file.invoke (compiler.clj:1105)
    cljs.compiler$compile_root.invoke (compiler.clj:1175)
    cljs.closure$compile_dir.invoke (closure.clj:369)
    cljs.closure$eval3462$fn__3463.invoke (closure.clj:409)
    cljs.closure$eval3398$fn__3399$G__3389__3406.invoke (closure.clj:316)
    cljs.closure$eval3449$fn__3450.invoke (closure.clj:423)
    cljs.closure$eval3398$fn__3399$G__3389__3406.invoke (closure.clj:316)
    clojurescript_build.core.CompilableSourcePaths/fn (core.clj:18)
    clojure.core$map$fn__4245.invoke (core.clj:2557)
    clojure.lang.LazySeq.sval (LazySeq.java:40)
    clojure.lang.LazySeq.seq (LazySeq.java:49)
    clojure.lang.RT.seq (RT.java:484)
    clojure.core$seq.invoke (core.clj:133)
    clojure.core$apply.invoke (core.clj:624)
    clojure.core$mapcat.doInvoke (core.clj:2586)
    clojure.lang.RestFn.invoke (RestFn.java:423)
    clojurescript_build.core.CompilableSourcePaths._compile (core.clj:18)
    cljs.closure$build.invoke (closure.clj:1437)
    clojurescript_build.core$build_source_paths_STAR_.invoke (core.clj:150)
    figwheel_sidecar.auto_builder$default_build_options$fn__20640.invoke (auto_builder.clj:66)
    figwheel_sidecar.auto_builder$warning$fn__20637.invoke (auto_builder.clj:61)
    clojurescript_build.auto$time_build$fn__20450.invoke (auto.clj:55)
    clojurescript_build.auto$after$fn__20456.invoke (auto.clj:64)
    clojurescript_build.auto$after$fn__20456.invoke (auto.clj:64)
    clojurescript_build.auto$after$fn__20456.invoke (auto.clj:64)
    clojurescript_build.auto$error$fn__20459.invoke (auto.clj:71)
    clojurescript_build.auto$before$fn__20453.invoke (auto.clj:60)
    clojurescript_build.auto$make_conditional_builder$fn__20471.invoke (auto.clj:103)
[0mCompiling "resources/public/js/app.js" from ["src/cljs" "env/dev/cljs"]...
[31mCompiling "resources/public/js/app.js" failed.[0m
clojure.lang.ExceptionInfo: failed compiling file:src/cljs/rfcdothelp/core.cljs
 at clojure.core$ex_info.invoke (core.clj:4403)
    cljs.compiler$compile_file$fn__3088.invoke (compiler.clj:1140)
    cljs.compiler$compile_file.invoke (compiler.clj:1105)
    cljs.compiler$compile_root.invoke (compiler.clj:1175)
    cljs.closure$compile_dir.invoke (closure.clj:369)
    cljs.closure$eval3462$fn__3463.invoke (closure.clj:409)
    cljs.closure$eval3398$fn__3399$G__3389__3406.invoke (closure.clj:316)
    cljs.closure$eval3449$fn__3450.invoke (closure.clj:423)
    cljs.closure$eval3398$fn__3399$G__3389__3406.invoke (closure.clj:316)
    clojurescript_build.core.CompilableSourcePaths/fn (core.clj:18)
    clojure.core$map$fn__4245.invoke (core.clj:2557)
    clojure.lang.LazySeq.sval (LazySeq.java:40)
    clojure.lang.LazySeq.seq (LazySeq.java:49)
    clojure.lang.RT.seq (RT.java:484)
    clojure.core$seq.invoke (core.clj:133)
    clojure.core$apply.invoke (core.clj:624)
    clojure.core$mapcat.doInvoke (core.clj:2586)
    clojure.lang.RestFn.invoke (RestFn.java:423)
    clojurescript_build.core.CompilableSourcePaths._compile (core.clj:18)
    cljs.closure$build.invoke (closure.clj:1437)
    clojurescript_build.core$build_source_paths_STAR_.invoke (core.clj:150)
    figwheel_sidecar.auto_builder$default_build_options$fn__20640.invoke (auto_builder.clj:66)
    figwheel_sidecar.auto_builder$warning$fn__20637.invoke (auto_builder.clj:61)
    clojurescript_build.auto$time_build$fn__20450.invoke (auto.clj:55)
    clojurescript_build.auto$after$fn__20456.invoke (auto.clj:64)
    clojurescript_build.auto$after$fn__20456.invoke (auto.clj:64)
    clojurescript_build.auto$after$fn__20456.invoke (auto.clj:64)
    clojurescript_build.auto$error$fn__20459.invoke (auto.clj:71)
    clojurescript_build.auto$before$fn__20453.invoke (auto.clj:60)
    clojurescript_build.auto$make_conditional_builder$fn__20471.invoke (auto.clj:103)
[0mCompiling "resources/public/js/app.js" from ["src/cljs" "env/dev/cljs"]...
[31mCompiling "resources/public/js/app.js" failed.[0m
clojure.lang.ExceptionInfo: failed compiling file:src/cljs/rfcdothelp/core.cljs
 at clojure.core$ex_info.invoke (core.clj:4403)
    cljs.compiler$compile_file$fn__3088.invoke (compiler.clj:1140)
    cljs.compiler$compile_file.invoke (compiler.clj:1105)
    cljs.compiler$compile_root.invoke (compiler.clj:1175)
    cljs.closure$compile_dir.invoke (closure.clj:369)
    cljs.closure$eval3462$fn__3463.invoke (closure.clj:409)
    cljs.closure$eval3398$fn__3399$G__3389__3406.invoke (closure.clj:316)
    cljs.closure$eval3449$fn__3450.invoke (closure.clj:423)
    cljs.closure$eval3398$fn__3399$G__3389__3406.invoke (closure.clj:316)
    clojurescript_build.core.CompilableSourcePaths/fn (core.clj:18)
    clojure.core$map$fn__4245.invoke (core.clj:2557)
    clojure.lang.LazySeq.sval (LazySeq.java:40)
    clojure.lang.LazySeq.seq (LazySeq.java:49)
    clojure.lang.RT.seq (RT.java:484)
    clojure.core$seq.invoke (core.clj:133)
    clojure.core$apply.invoke (core.clj:624)
    clojure.core$mapcat.doInvoke (core.clj:2586)
    clojure.lang.RestFn.invoke (RestFn.java:423)
    clojurescript_build.core.CompilableSourcePaths._compile (core.clj:18)
    cljs.closure$build.invoke (closure.clj:1437)
    clojurescript_build.core$build_source_paths_STAR_.invoke (core.clj:150)
    figwheel_sidecar.auto_builder$default_build_options$fn__20640.invoke (auto_builder.clj:66)
    figwheel_sidecar.auto_builder$warning$fn__20637.invoke (auto_builder.clj:61)
    clojurescript_build.auto$time_build$fn__20450.invoke (auto.clj:55)
    clojurescript_build.auto$after$fn__20456.invoke (auto.clj:64)
    clojurescript_build.auto$after$fn__20456.invoke (auto.clj:64)
    clojurescript_build.auto$after$fn__20456.invoke (auto.clj:64)
    clojurescript_build.auto$error$fn__20459.invoke (auto.clj:71)
    clojurescript_build.auto$before$fn__20453.invoke (auto.clj:60)
    clojurescript_build.auto$make_conditional_builder$fn__20471.invoke (auto.clj:103)
[0mCompiling "resources/public/js/app.js" from ["src/cljs" "env/dev/cljs"]...
[31mCompiling "resources/public/js/app.js" failed.[0m
clojure.lang.ExceptionInfo: failed compiling file:src/cljs/rfcdothelp/core.cljs
 at clojure.core$ex_info.invoke (core.clj:4403)
    cljs.compiler$compile_file$fn__3088.invoke (compiler.clj:1140)
    cljs.compiler$compile_file.invoke (compiler.clj:1105)
    cljs.compiler$compile_root.invoke (compiler.clj:1175)
    cljs.closure$compile_dir.invoke (closure.clj:369)
    cljs.closure$eval3462$fn__3463.invoke (closure.clj:409)
    cljs.closure$eval3398$fn__3399$G__3389__3406.invoke (closure.clj:316)
    cljs.closure$eval3449$fn__3450.invoke (closure.clj:423)
    cljs.closure$eval3398$fn__3399$G__3389__3406.invoke (closure.clj:316)
    clojurescript_build.core.CompilableSourcePaths/fn (core.clj:18)
    clojure.core$map$fn__4245.invoke (core.clj:2557)
    clojure.lang.LazySeq.sval (LazySeq.java:40)
    clojure.lang.LazySeq.seq (LazySeq.java:49)
    clojure.lang.RT.seq (RT.java:484)
    clojure.core$seq.invoke (core.clj:133)
    clojure.core$apply.invoke (core.clj:624)
    clojure.core$mapcat.doInvoke (core.clj:2586)
    clojure.lang.RestFn.invoke (RestFn.java:423)
    clojurescript_build.core.CompilableSourcePaths._compile (core.clj:18)
    cljs.closure$build.invoke (closure.clj:1437)
    clojurescript_build.core$build_source_paths_STAR_.invoke (core.clj:150)
    figwheel_sidecar.auto_builder$default_build_options$fn__20640.invoke (auto_builder.clj:66)
    figwheel_sidecar.auto_builder$warning$fn__20637.invoke (auto_builder.clj:61)
    clojurescript_build.auto$time_build$fn__20450.invoke (auto.clj:55)
    clojurescript_build.auto$after$fn__20456.invoke (auto.clj:64)
    clojurescript_build.auto$after$fn__20456.invoke (auto.clj:64)
    clojurescript_build.auto$after$fn__20456.invoke (auto.clj:64)
    clojurescript_build.auto$error$fn__20459.invoke (auto.clj:71)
    clojurescript_build.auto$before$fn__20453.invoke (auto.clj:60)
    clojurescript_build.auto$make_conditional_builder$fn__20471.invoke (auto.clj:103)
[0mCompiling "resources/public/js/app.js" from ["src/cljs" "env/dev/cljs"]...
[32mSuccessfully compiled "resources/public/js/app.js" in 0.082 seconds.[0m
notifying browser that file changed:  resources/public/js/out/cljs_deps.js
notifying browser that file changed:  /rfcdothelp/core.js
[0mCompiling "resources/public/js/app.js" from ["src/cljs" "env/dev/cljs"]...
[32mSuccessfully compiled "resources/public/js/app.js" in 0.088 seconds.[0m
notifying browser that file changed:  resources/public/js/out/cljs_deps.js
notifying browser that file changed:  /rfcdothelp/core.js
[0mCompiling "resources/public/js/app.js" from ["src/cljs" "env/dev/cljs"]...
[32mSuccessfully compiled "resources/public/js/app.js" in 0.084 seconds.[0m
notifying browser that file changed:  resources/public/js/out/cljs_deps.js
notifying browser that file changed:  /rfcdothelp/core.js
[0mCompiling "resources/public/js/app.js" from ["src/cljs" "env/dev/cljs"]...
[32mSuccessfully compiled "resources/public/js/app.js" in 0.083 seconds.[0m
notifying browser that file changed:  resources/public/js/out/cljs_deps.js
notifying browser that file changed:  /rfcdothelp/core.js
[0mCompiling "resources/public/js/app.js" from ["src/cljs" "env/dev/cljs"]...
[32mSuccessfully compiled "resources/public/js/app.js" in 0.085 seconds.[0m
notifying browser that file changed:  /rfcdothelp/core.js
[0mCompiling "resources/public/js/app.js" from ["src/cljs" "env/dev/cljs"]...
[32mSuccessfully compiled "resources/public/js/app.js" in 0.082 seconds.[0m
notifying browser that file changed:  resources/public/js/out/cljs_deps.js
notifying browser that file changed:  /rfcdothelp/core.js
[0mCompiling "resources/public/js/app.js" from ["src/cljs" "env/dev/cljs"]...
[32mSuccessfully compiled "resources/public/js/app.js" in 0.091 seconds.[0m
notifying browser that file changed:  /rfcdothelp/core.js
[0mCompiling "resources/public/js/app.js" from ["src/cljs" "env/dev/cljs"]...
[32mSuccessfully compiled "resources/public/js/app.js" in 0.088 seconds.[0m
notifying browser that file changed:  resources/public/js/out/cljs_deps.js
notifying browser that file changed:  /rfcdothelp/core.js
[0mCompiling "resources/public/js/app.js" from ["src/cljs" "env/dev/cljs"]...
[31mCompiling "resources/public/js/app.js" failed.[0m
clojure.lang.ExceptionInfo: failed compiling file:src/cljs/rfcdothelp/core.cljs
 at clojure.core$ex_info.invoke (core.clj:4403)
    cljs.compiler$compile_file$fn__3088.invoke (compiler.clj:1140)
    cljs.compiler$compile_file.invoke (compiler.clj:1105)
    cljs.compiler$compile_root.invoke (compiler.clj:1175)
    cljs.closure$compile_dir.invoke (closure.clj:369)
    cljs.closure$eval3462$fn__3463.invoke (closure.clj:409)
    cljs.closure$eval3398$fn__3399$G__3389__3406.invoke (closure.clj:316)
    cljs.closure$eval3449$fn__3450.invoke (closure.clj:423)
    cljs.closure$eval3398$fn__3399$G__3389__3406.invoke (closure.clj:316)
    clojurescript_build.core.CompilableSourcePaths/fn (core.clj:18)
    clojure.core$map$fn__4245.invoke (core.clj:2557)
    clojure.lang.LazySeq.sval (LazySeq.java:40)
    clojure.lang.LazySeq.seq (LazySeq.java:49)
    clojure.lang.RT.seq (RT.java:484)
    clojure.core$seq.invoke (core.clj:133)
    clojure.core$apply.invoke (core.clj:624)
    clojure.core$mapcat.doInvoke (core.clj:2586)
    clojure.lang.RestFn.invoke (RestFn.java:423)
    clojurescript_build.core.CompilableSourcePaths._compile (core.clj:18)
    cljs.closure$build.invoke (closure.clj:1437)
    clojurescript_build.core$build_source_paths_STAR_.invoke (core.clj:150)
    figwheel_sidecar.auto_builder$default_build_options$fn__20640.invoke (auto_builder.clj:66)
    figwheel_sidecar.auto_builder$warning$fn__20637.invoke (auto_builder.clj:61)
    clojurescript_build.auto$time_build$fn__20450.invoke (auto.clj:55)
    clojurescript_build.auto$after$fn__20456.invoke (auto.clj:64)
    clojurescript_build.auto$after$fn__20456.invoke (auto.clj:64)
    clojurescript_build.auto$after$fn__20456.invoke (auto.clj:64)
    clojurescript_build.auto$error$fn__20459.invoke (auto.clj:71)
    clojurescript_build.auto$before$fn__20453.invoke (auto.clj:60)
    clojurescript_build.auto$make_conditional_builder$fn__20471.invoke (auto.clj:103)
[0mCompiling "resources/public/js/app.js" from ["src/cljs" "env/dev/cljs"]...
[32mSuccessfully compiled "resources/public/js/app.js" in 0.095 seconds.[0m
notifying browser that file changed:  /rfcdothelp/core.js
[0mCompiling "resources/public/js/app.js" from ["src/cljs" "env/dev/cljs"]...
[32mSuccessfully compiled "resources/public/js/app.js" in 0.083 seconds.[0m
notifying browser that file changed:  /rfcdothelp/core.js
[0mCompiling "resources/public/js/app.js" from ["src/cljs" "env/dev/cljs"]...
[32mSuccessfully compiled "resources/public/js/app.js" in 0.082 seconds.[0m
notifying browser that file changed:  /rfcdothelp/core.js
[0mCompiling "resources/public/js/app.js" from ["src/cljs" "env/dev/cljs"]...
[32mSuccessfully compiled "resources/public/js/app.js" in 0.087 seconds.[0m
notifying browser that file changed:  resources/public/js/out/cljs_deps.js
notifying browser that file changed:  /rfcdothelp/core.js
[0mCompiling "resources/public/js/app.js" from ["src/cljs" "env/dev/cljs"]...
[32mSuccessfully compiled "resources/public/js/app.js" in 0.085 seconds.[0m
notifying browser that file changed:  resources/public/js/out/cljs_deps.js
notifying browser that file changed:  /rfcdothelp/core.js
[0mCompiling "resources/public/js/app.js" from ["src/cljs" "env/dev/cljs"]...
[32mSuccessfully compiled "resources/public/js/app.js" in 0.083 seconds.[0m
notifying browser that file changed:  resources/public/js/out/cljs_deps.js
notifying browser that file changed:  /rfcdothelp/core.js
[0mCompiling "resources/public/js/app.js" from ["src/cljs" "env/dev/cljs"]...
[32mSuccessfully compiled "resources/public/js/app.js" in 0.09 seconds.[0m
notifying browser that file changed:  resources/public/js/out/cljs_deps.js
notifying browser that file changed:  /rfcdothelp/core.js
[0mCompiling "resources/public/js/app.js" from ["src/cljs" "env/dev/cljs"]...
[32mSuccessfully compiled "resources/public/js/app.js" in 0.095 seconds.[0m
notifying browser that file changed:  /rfcdothelp/core.js
[0mCompiling "resources/public/js/app.js" from ["src/cljs" "env/dev/cljs"]...
[32mSuccessfully compiled "resources/public/js/app.js" in 0.082 seconds.[0m
notifying browser that file changed:  resources/public/js/out/cljs_deps.js
notifying browser that file changed:  /rfcdothelp/core.js
[0mCompiling "resources/public/js/app.js" from ["src/cljs" "env/dev/cljs"]...
WARNING: Use of undeclared Var rfcdothelp.core/rfc at line 44 src/cljs/rfcdothelp/core.cljs
WARNING: Use of undeclared Var rfcdothelp.core/rfc at line 45 src/cljs/rfcdothelp/core.cljs
WARNING: Wrong number of args (2) passed to rfcdothelp.core/set-rfc! at line 57 src/cljs/rfcdothelp/core.cljs
[32mSuccessfully compiled "resources/public/js/app.js" in 0.125 seconds.[0m
notifying browser that file changed:  resources/public/js/out/cljs_deps.js
notifying browser that file changed:  /rfcdothelp/core.js
[0mCompiling "resources/public/js/app.js" from ["src/cljs" "env/dev/cljs"]...
WARNING: Use of undeclared Var rfcdothelp.core/rfc at line 44 src/cljs/rfcdothelp/core.cljs
WARNING: Use of undeclared Var rfcdothelp.core/rfc at line 45 src/cljs/rfcdothelp/core.cljs
WARNING: Wrong number of args (2) passed to rfcdothelp.core/set-rfc! at line 57 src/cljs/rfcdothelp/core.cljs
[32mSuccessfully compiled "resources/public/js/app.js" in 0.132 seconds.[0m
notifying browser that file changed:  /rfcdothelp/core.js
[0mCompiling "resources/public/js/app.js" from ["src/cljs" "env/dev/cljs"]...
WARNING: Use of undeclared Var rfcdothelp.core/rfc at line 44 src/cljs/rfcdothelp/core.cljs
WARNING: Use of undeclared Var rfcdothelp.core/rfc at line 45 src/cljs/rfcdothelp/core.cljs
[32mSuccessfully compiled "resources/public/js/app.js" in 0.106 seconds.[0m
notifying browser that file changed:  /rfcdothelp/core.js
[0mCompiling "resources/public/js/app.js" from ["src/cljs" "env/dev/cljs"]...
[32mSuccessfully compiled "resources/public/js/app.js" in 0.082 seconds.[0m
notifying browser that file changed:  resources/public/js/out/cljs_deps.js
notifying browser that file changed:  /rfcdothelp/core.js
[0mCompiling "resources/public/js/app.js" from ["src/cljs" "env/dev/cljs"]...
[32mSuccessfully compiled "resources/public/js/app.js" in 0.087 seconds.[0m
notifying browser that file changed:  resources/public/js/out/cljs_deps.js
notifying browser that file changed:  /rfcdothelp/core.js
[0mCompiling "resources/public/js/app.js" from ["src/cljs" "env/dev/cljs"]...
[32mSuccessfully compiled "resources/public/js/app.js" in 0.082 seconds.[0m
notifying browser that file changed:  /rfcdothelp/core.js
[0mCompiling "resources/public/js/app.js" from ["src/cljs" "env/dev/cljs"]...
[31mCompiling "resources/public/js/app.js" failed.[0m
clojure.lang.ExceptionInfo: failed compiling file:src/cljs/rfcdothelp/core.cljs
 at clojure.core$ex_info.invoke (core.clj:4403)
    cljs.compiler$compile_file$fn__3088.invoke (compiler.clj:1140)
    cljs.compiler$compile_file.invoke (compiler.clj:1105)
    cljs.compiler$compile_root.invoke (compiler.clj:1175)
    cljs.closure$compile_dir.invoke (closure.clj:369)
    cljs.closure$eval3462$fn__3463.invoke (closure.clj:409)
    cljs.closure$eval3398$fn__3399$G__3389__3406.invoke (closure.clj:316)
    cljs.closure$eval3449$fn__3450.invoke (closure.clj:423)
    cljs.closure$eval3398$fn__3399$G__3389__3406.invoke (closure.clj:316)
    clojurescript_build.core.CompilableSourcePaths/fn (core.clj:18)
    clojure.core$map$fn__4245.invoke (core.clj:2557)
    clojure.lang.LazySeq.sval (LazySeq.java:40)
    clojure.lang.LazySeq.seq (LazySeq.java:49)
    clojure.lang.RT.seq (RT.java:484)
    clojure.core$seq.invoke (core.clj:133)
    clojure.core$apply.invoke (core.clj:624)
    clojure.core$mapcat.doInvoke (core.clj:2586)
    clojure.lang.RestFn.invoke (RestFn.java:423)
    clojurescript_build.core.CompilableSourcePaths._compile (core.clj:18)
    cljs.closure$build.invoke (closure.clj:1437)
    clojurescript_build.core$build_source_paths_STAR_.invoke (core.clj:150)
    figwheel_sidecar.auto_builder$default_build_options$fn__20640.invoke (auto_builder.clj:66)
    figwheel_sidecar.auto_builder$warning$fn__20637.invoke (auto_builder.clj:61)
    clojurescript_build.auto$time_build$fn__20450.invoke (auto.clj:55)
    clojurescript_build.auto$after$fn__20456.invoke (auto.clj:64)
    clojurescript_build.auto$after$fn__20456.invoke (auto.clj:64)
    clojurescript_build.auto$after$fn__20456.invoke (auto.clj:64)
    clojurescript_build.auto$error$fn__20459.invoke (auto.clj:71)
    clojurescript_build.auto$before$fn__20453.invoke (auto.clj:60)
    clojurescript_build.auto$make_conditional_builder$fn__20471.invoke (auto.clj:103)
[0mCompiling "resources/public/js/app.js" from ["src/cljs" "env/dev/cljs"]...
[32mSuccessfully compiled "resources/public/js/app.js" in 0.119 seconds.[0m
notifying browser that file changed:  /rfcdothelp/core.js
[0mCompiling "resources/public/js/app.js" from ["src/cljs" "env/dev/cljs"]...
[32mSuccessfully compiled "resources/public/js/app.js" in 0.086 seconds.[0m
notifying browser that file changed:  /rfcdothelp/core.js
[0mCompiling "resources/public/js/app.js" from ["src/cljs" "env/dev/cljs"]...
[32mSuccessfully compiled "resources/public/js/app.js" in 0.098 seconds.[0m
notifying browser that file changed:  /rfcdothelp/core.js
[0mCompiling "resources/public/js/app.js" from ["src/cljs" "env/dev/cljs"]...
[32mSuccessfully compiled "resources/public/js/app.js" in 0.084 seconds.[0m
notifying browser that file changed:  resources/public/js/out/cljs_deps.js
notifying browser that file changed:  /rfcdothelp/core.js
[0mCompiling "resources/public/js/app.js" from ["src/cljs" "env/dev/cljs"]...
[32mSuccessfully compiled "resources/public/js/app.js" in 0.092 seconds.[0m
notifying browser that file changed:  /rfcdothelp/core.js
[0mCompiling "resources/public/js/app.js" from ["src/cljs" "env/dev/cljs"]...
[32mSuccessfully compiled "resources/public/js/app.js" in 0.085 seconds.[0m
notifying browser that file changed:  /rfcdothelp/core.js
[0mCompiling "resources/public/js/app.js" from ["src/cljs" "env/dev/cljs"]...
[32mSuccessfully compiled "resources/public/js/app.js" in 0.094 seconds.[0m
notifying browser that file changed:  /rfcdothelp/core.js
[0mCompiling "resources/public/js/app.js" from ["src/cljs" "env/dev/cljs"]...
[32mSuccessfully compiled "resources/public/js/app.js" in 0.087 seconds.[0m
notifying browser that file changed:  resources/public/js/out/cljs_deps.js
notifying browser that file changed:  /rfcdothelp/core.js
[0mCompiling "resources/public/js/app.js" from ["src/cljs" "env/dev/cljs"]...
[32mSuccessfully compiled "resources/public/js/app.js" in 0.094 seconds.[0m
notifying browser that file changed:  resources/public/js/out/cljs_deps.js
notifying browser that file changed:  /rfcdothelp/core.js
[0mCompiling "resources/public/js/app.js" from ["src/cljs" "env/dev/cljs"]...
[32mSuccessfully compiled "resources/public/js/app.js" in 0.088 seconds.[0m
notifying browser that file changed:  /rfcdothelp/core.js
[0mCompiling "resources/public/js/app.js" from ["src/cljs" "env/dev/cljs"]...
[32mSuccessfully compiled "resources/public/js/app.js" in 0.081 seconds.[0m
notifying browser that file changed:  resources/public/js/out/cljs_deps.js
notifying browser that file changed:  /rfcdothelp/core.js
[0mCompiling "resources/public/js/app.js" from ["src/cljs" "env/dev/cljs"]...
[32mSuccessfully compiled "resources/public/js/app.js" in 0.078 seconds.[0m
notifying browser that file changed:  /rfcdothelp/core.js
[0mCompiling "resources/public/js/app.js" from ["src/cljs" "env/dev/cljs"]...
[32mSuccessfully compiled "resources/public/js/app.js" in 0.078 seconds.[0m
notifying browser that file changed:  /rfcdothelp/core.js
[0mCompiling "resources/public/js/app.js" from ["src/cljs" "env/dev/cljs"]...
[32mSuccessfully compiled "resources/public/js/app.js" in 0.079 seconds.[0m
notifying browser that file changed:  resources/public/js/out/cljs_deps.js
notifying browser that file changed:  /rfcdothelp/core.js
[0mCompiling "resources/public/js/app.js" from ["src/cljs" "env/dev/cljs"]...
[32mSuccessfully compiled "resources/public/js/app.js" in 0.085 seconds.[0m
notifying browser that file changed:  resources/public/js/out/cljs_deps.js
notifying browser that file changed:  /rfcdothelp/core.js
[0mCompiling "resources/public/js/app.js" from ["src/cljs" "env/dev/cljs"]...
[32mSuccessfully compiled "resources/public/js/app.js" in 0.078 seconds.[0m
notifying browser that file changed:  /rfcdothelp/core.js
[0mCompiling "resources/public/js/app.js" from ["src/cljs" "env/dev/cljs"]...
[32mSuccessfully compiled "resources/public/js/app.js" in 0.079 seconds.[0m
notifying browser that file changed:  resources/public/js/out/cljs_deps.js
notifying browser that file changed:  /rfcdothelp/core.js
sending changed CSS file: resources/public/css/site.min.css
[0mCompiling "resources/public/js/app.js" from ["src/cljs" "env/dev/cljs"]...
[32mSuccessfully compiled "resources/public/js/app.js" in 0.079 seconds.[0m
notifying browser that file changed:  resources/public/js/out/cljs_deps.js
notifying browser that file changed:  /rfcdothelp/core.js
sending changed CSS file: resources/public/css/site.min.css
